Loading the file
'/home/software/cadence-2014/IC616/tools.lnx86/dfII/etc/skill/hnl/hspiceD.ile'.Begin Incremental Netlisting Nov 23 23:18:41 2016
ERROR (OSSHNL-109): The cell view, 'Project_416/generate/schematic', has been
modified since the last extraction.
Re-extract the design (File->Check and Save
menu option) for schematic cell
views to correct this error.

End netlisting Nov 23 23:18:41 2016
Loading the file
'/home/software/cadence-2014/IC616/tools.lnx86/dfII/etc/skill/hnl/hspiceD.ile'.Begin Incremental Netlisting Nov 23 23:18:46 2016
ERROR (OSSHNL-109): The cell view, 'Project_416/generate/schematic', has been
modified since the last extraction.
Re-extract the design (File->Check and Save
menu option) for schematic cell
views to correct this error.

End netlisting Nov 23 23:18:46 2016
Loading the file
'/home/software/cadence-2014/IC616/tools.lnx86/dfII/etc/skill/hnl/hspiceD.ile'.Begin Incremental Netlisting Nov 23 23:20:04 2016
ERROR (OSSHNL-109): The cell view, 'Project_416/generate/schematic', has been
modified since the last extraction.
Re-extract the design (File->Check and Save
menu option) for schematic cell
views to correct this error.

End netlisting Nov 23 23:20:05 2016
Loading the file
'/home/software/cadence-2014/IC616/tools.lnx86/dfII/etc/skill/hnl/hspiceD.ile'.Begin Incremental Netlisting Nov 23 23:20:57 2016
End netlisting Nov 23 23:20:58 2016
Loading the file
'/home/software/cadence-2014/IC616/tools.lnx86/dfII/etc/skill/hnl/hspiceD.ile'.Begin Incremental Netlisting Nov 23 23:23:29 2016
End netlisting Nov 23 23:23:29 2016
